39 error Error: Command failed with exit code 1: git commit -F /private/var/folders/xj/81hv_mtd00jd2my9g8t5r60c0000gn/T/e9d6b447-d455-4409-b00a-8dfd1678a811/lerna-commit.txt
39 error yarn run v1.22.10
39 error $ /Users/lukasz/development/test/bet/node_modules/.bin/commitlint --edit .git/COMMIT_EDITMSG
39 error ⧗   input: Publish
39 error
39 error  - @bet/app@1.0.1
39 error  - @bet/server@1.0.1
39 error  - @bet/structures@0.0.2
39 error  - @bet/ui-components@1.0.1
39 error ✖   subject may not be empty [subject-empty]
39 error ✖   type may not be empty [type-empty]
39 error
39 error ✖   found 2 problems, 0 warnings
39 error ⓘ   Get help: https://github.com/conventional-changelog/commitlint/#what-is-commitlint
39 error
39 error error Command failed with exit code 1.
39 error info Visit https://yarnpkg.com/en/docs/cli/run for documentation about this command.
39 error husky - commit-msg hook exited with code 1 (error)
39 error     at makeError (/Users/lukasz/development/test/bet/node_modules/@lerna/child-process/node_modules/execa/lib/error.js:60:11)
39 error     at handlePromise (/Users/lukasz/development/test/bet/node_modules/@lerna/child-process/node_modules/execa/index.js:118:26)
39 error     at processTicksAndRejections (internal/process/task_queues.js:95:5)
39 error     at async Promise.all (index 0)
